/var/spool/slurm/slurmd/job818397/slurm_script: line 19: ./venv/bin/activate: No such file or directory
usage: run.py [-h] [--jobname JOBNAME] [--lr LR] [--seed SEED]
              [--num_workers NUM_WORKERS] [--earlystopping EARLYSTOPPING]
              [--batchsize BATCHSIZE] [--max_epoch MAX_EPOCH] [--epoch EPOCH]
              [--save_epoch_num SAVE_EPOCH_NUM]
              [--image_directory IMAGE_DIRECTORY]
              [--csv_file_train CSV_FILE_TRAIN] [--csv_file_val CSV_FILE_VAL]
              [--csv_file_test CSV_FILE_TEST]
              [--output_directory OUTPUT_DIRECTORY] [--image_size IMAGE_SIZE]
              [--image_channel IMAGE_CHANNEL] [--task_option {o,t,s}]
              [--targetname TARGETNAME] [--optional_meta OPTIONAL_META]
              [--backbone_name BACKBONE_NAME]
              [--run_mode {train,eval,savefeature}] [--pretrained_weight]
              [--inter_num_ch INTER_NUM_CH] [--num_block NUM_BLOCK]
              [--exclude_sametarget] [--lrscheduler LRSCHEDULER LRSCHEDULER]
              [--gradcam] [--path_pretrained_model PATH_PRETRAINED_MODEL]
              [--mlp_input_size MLP_INPUT_SIZE]
              [--mlp_hidden_size_list [MLP_HIDDEN_SIZE_LIST ...]]
              [--dataloader_type {None,FEATURES,PSA,PSAo,feature38}]
run.py: error: unrecognized arguments: 30000 15000 7500 3500 1500 1000 500 250 100 50 10
