/var/spool/slurm/slurmd/job818352/slurm_script: line 19: ./venv/bin/activate: No such file or directory
 ----------------- Run Setup Summary -----------------
JOB NAME: age_feature38_easy_1
TASK: regression
Target Attribute: timepoint
BACKBONE: simplemlp
RUN MODE: train
Num of GPUs: 1
Traceback (most recent call last):
  File "/midtier/sablab/scratch/sep4013/LILAC/./run.py", line 1362, in <module>
    model = LILAC(args)
  File "/midtier/sablab/scratch/sep4013/LILAC/model.py", line 387, in __init__
    self.backbone, self.linear = get_backbone(args)
                                 ~~~~~~~~~~~~^^^^^^
  File "/midtier/sablab/scratch/sep4013/LILAC/model.py", line 376, in get_backbone
    backbone = SimpleMLP(input_size=args.mlp_input_size, hidden_size_list=args.mlp_hidden_size_list)
  File "/midtier/sablab/scratch/sep4013/LILAC/model.py", line 317, in __init__
    self.layers.append(nn.Linear(input_size, hidden_size_list[0]) )
                       ~~~~~~~~~^^^^^^^^^^^^^^^^^^^^^^^^^^^^^^^^^
  File "/home/sep4013/.conda/envs/lilac2/lib/python3.13/site-packages/torch/nn/modules/linear.py", line 106, in __init__
    torch.empty((out_features, in_features), **factory_kwargs)
    ~~~~~~~~~~~^^^^^^^^^^^^^^^^^^^^^^^^^^^^^^^^^^^^^^^^^^^^^^^
TypeError: empty(): argument 'size' failed to unpack the object at pos 2 with error "type must be tuple of ints,but got NoneType"
