/var/spool/slurm/slurmd/job765192/slurm_script: line 20: ./venv/bin/activate: No such file or directory
/home/sep4013/.conda/envs/lilac2/lib/python3.13/site-packages/torch/autograd/graph.py:824: UserWarning: Attempting to run cuBLAS, but there was no current CUDA context! Attempting to set the primary context... (Triggered internally at /pytorch/aten/src/ATen/cuda/CublasHandlePool.cpp:181.)
  return Variable._execution_engine.run_backward(  # Calls into the C++ engine to run the backward pass
 ----------------- Run Setup Summary -----------------
JOB NAME: lilac_rt_order_43
TASK: temporal_ordering
Target Attribute: timepoint
BACKBONE: resnet18_3D
RUN MODE: eval
Num of GPUs: 1
Num of Model Parameter: 33203776
 ----------------- Testing initiated -----------------
savedmodelname:  ./output/lilac_rt_order_43-temporal_ordering-backbone_resnet18_3D-lr0.001-seed0-batch8/model_best.pth
10
conv1:  torch.Size([1, 64, 80, 80, 80])
bn1:  torch.Size([1, 64, 80, 80, 80])
relu:  torch.Size([1, 64, 80, 80, 80])
maxpool:  torch.Size([1, 64, 40, 40, 40])
layer1:  torch.Size([1, 64, 40, 40, 40])
layer2:  torch.Size([1, 128, 20, 20, 20])
layer3:  torch.Size([1, 256, 10, 10, 10])
layer4:  torch.Size([1, 512, 5, 5, 5])
feature_tensor:  torch.Size([1, 512, 5, 5, 5])
activation_diff:  (512, 5, 5, 5)
activation1:  (512, 5, 5, 5)
gradient_diff:  (512, 5, 5, 5)
gradient1:  (512, 5, 5, 5)
gradcam_activation_elementwise: (5, 5, 5)
gradCAMelement:  (1, 80, 80, 80)
