/var/spool/slurm/slurmd/job780231/slurm_script: line 19: ./venv/bin/activate: No such file or directory
/home/sep4013/.conda/envs/lilac2/lib/python3.13/site-packages/torchio/data/image.py:253: UserWarning: Using TorchIO images without a torchio.SubjectsLoader in PyTorch >= 2.3 might have unexpected consequences, e.g., the collated batches will be instances of torchio.Subject with 5D images. Replace your PyTorch DataLoader with a torchio.SubjectsLoader so that the collated batch becomes a dictionary, as expected. See https://github.com/TorchIO-project/torchio/issues/1179 for more context about this issue.
  warnings.warn(message, stacklevel=1)
 ----------------- Run Setup Summary -----------------
JOB NAME: LOADER_PSAo_1
TASK: temporal_ordering
Target Attribute: timepoint
BACKBONE: resnet18_3D_psao
RUN MODE: train
Num of GPUs: 1
Num of Model Parameter: 33267776
 ----------------- Training initiated -----------------
lr_scheduler.StepLR is set:  [20.0, 0.5]
Traceback (most recent call last):
  File "/midtier/sablab/scratch/sep4013/LILAC/./run_PSAo.py", line 1243, in <module>
    train(model, args)
    ~~~~~^^^^^^^^^^^^^
  File "/midtier/sablab/scratch/sep4013/LILAC/./run_PSAo.py", line 153, in train
    for step, batch in enumerate(loader_train):
                       ~~~~~~~~~^^^^^^^^^^^^^^
  File "/home/sep4013/.conda/envs/lilac2/lib/python3.13/site-packages/torch/utils/data/dataloader.py", line 733, in __next__
    data = self._next_data()
  File "/home/sep4013/.conda/envs/lilac2/lib/python3.13/site-packages/torch/utils/data/dataloader.py", line 789, in _next_data
    data = self._dataset_fetcher.fetch(index)  # may raise StopIteration
  File "/home/sep4013/.conda/envs/lilac2/lib/python3.13/site-packages/torch/utils/data/_utils/fetch.py", line 52, in fetch
    data = [self.dataset[idx] for idx in possibly_batched_index]
            ~~~~~~~~~~~~^^^^^
  File "/midtier/sablab/scratch/sep4013/LILAC/loader.py", line 222, in __getitem__
    resize = tio.transforms.Resize(tuple(self.image_size))
                                         ^^^^^^^^^^^^^^^
AttributeError: 'loader3D' object has no attribute 'image_size'
