/var/spool/slurm/slurmd/job732319/slurm_script: line 19: ./venv/bin/activate: No such file or directory
 ----------------- Run Setup Summary -----------------
JOB NAME: lilac_rt_order_38
TASK: temporal_ordering
Target Attribute: timepoint
BACKBONE: resnet18_3D
RUN MODE: eval
Num of GPUs: 1
Num of Model Parameter: 33203776
 ----------------- Testing initiated -----------------
result exists: ./output/lilac_rt_order_38-temporal_ordering-backbone_resnet18_3D-lr0.001-seed0-batch8/prediction-testset.csv
LOSS: 0.382
warning: AUC calculated only for binary pairs
AUC: 0.967
warning: ACC calculated only for binary/positive pairs
ACC: 0.908
interval 1.0:                       acc=0.829                       , num=579
interval 2.0:                       acc=0.939                       , num=428
interval 3.0:                       acc=0.979                       , num=286
interval 4.0:                       acc=0.986                       , num=145
interval 5.0:                       acc=1.0                       , num=3
interval from one 1.0:                       acc=0.874                       , num=151
interval from one 2.0:                       acc=0.993                       , num=142
interval from one 3.0:                       acc=0.986                       , num=142
interval from one 4.0:                       acc=0.993                       , num=142
interval from one 5.0:                       acc=1.0                       , num=3
