/var/spool/slurm/slurmd/job780256/slurm_script: line 20: ./venv/bin/activate: No such file or directory
 ----------------- Run Setup Summary -----------------
JOB NAME: LOADER_FEATURES_area_prostate_easy
TASK: temporal_ordering
Target Attribute: timepoint
BACKBONE: simplemlp
RUN MODE: train
Num of GPUs: 1
Num of Model Parameter: 3
 ----------------- Training initiated -----------------
Traceback (most recent call last):
  File "/midtier/sablab/scratch/sep4013/LILAC/./run.py", line 1218, in <module>
    train(model, args)
    ~~~~~^^^^^^^^^^^^^
  File "/midtier/sablab/scratch/sep4013/LILAC/./run.py", line 153, in train
    for step, batch in enumerate(loader_train):
                       ~~~~~~~~~^^^^^^^^^^^^^^
  File "/home/sep4013/.conda/envs/lilac2/lib/python3.13/site-packages/torch/utils/data/dataloader.py", line 733, in __next__
    data = self._next_data()
  File "/home/sep4013/.conda/envs/lilac2/lib/python3.13/site-packages/torch/utils/data/dataloader.py", line 789, in _next_data
    data = self._dataset_fetcher.fetch(index)  # may raise StopIteration
  File "/home/sep4013/.conda/envs/lilac2/lib/python3.13/site-packages/torch/utils/data/_utils/fetch.py", line 52, in fetch
    data = [self.dataset[idx] for idx in possibly_batched_index]
            ~~~~~~~~~~~~^^^^^
  File "/midtier/sablab/scratch/sep4013/LILAC/loader.py", line 310, in __getitem__
    image1 = image1.numpy().astype('float')
             ^^^^^^^^^^^^
AttributeError: 'list' object has no attribute 'numpy'
