/var/spool/slurm/slurmd/job780267/slurm_script: line 20: ./venv/bin/activate: No such file or directory
 ----------------- Run Setup Summary -----------------
JOB NAME: LOADER_FEATURES_area_prostate_easy
TASK: temporal_ordering
Target Attribute: timepoint
BACKBONE: simplemlp
RUN MODE: train
Num of GPUs: 1
Num of Model Parameter: 3
 ----------------- Training initiated -----------------
Traceback (most recent call last):
  File "/midtier/sablab/scratch/sep4013/LILAC/./run.py", line 1219, in <module>
    train(model, args)
    ~~~~~^^^^^^^^^^^^^
  File "/midtier/sablab/scratch/sep4013/LILAC/./run.py", line 167, in train
    print(network.device)
          ^^^^^^^^^^^^^^
  File "/home/sep4013/.conda/envs/lilac2/lib/python3.13/site-packages/torch/nn/modules/module.py", line 1940, in __getattr__
    raise AttributeError(
        f"'{type(self).__name__}' object has no attribute '{name}'"
    )
AttributeError: 'DataParallel' object has no attribute 'device'
