/var/spool/slurm/slurmd/job832909/slurm_script: line 19: ./venv/bin/activate: No such file or directory
/home/sep4013/.conda/envs/lilac2/lib/python3.13/site-packages/torchio/data/image.py:253: UserWarning: Using TorchIO images without a torchio.SubjectsLoader in PyTorch >= 2.3 might have unexpected consequences, e.g., the collated batches will be instances of torchio.Subject with 5D images. Replace your PyTorch DataLoader with a torchio.SubjectsLoader so that the collated batch becomes a dictionary, as expected. See https://github.com/TorchIO-project/torchio/issues/1179 for more context about this issue.
  warnings.warn(message, stacklevel=1)
 ----------------- Run Setup Summary -----------------
JOB NAME: maskchannel_easy_1
TASK: temporal_ordering
Target Attribute: timepoint
BACKBONE: resnet18_3D
RUN MODE: train
Num of GPUs: 1
Num of Model Parameter: 33203776
 ----------------- Training initiated -----------------
lr_scheduler.StepLR is set:  [20.0, 0.5]
Traceback (most recent call last):
  File "/midtier/sablab/scratch/sep4013/LILAC/./run.py", line 1379, in <module>
    train(model, args)
    ~~~~~^^^^^^^^^^^^^
  File "/midtier/sablab/scratch/sep4013/LILAC/./run.py", line 153, in train
    for step, batch in enumerate(loader_train):
                       ~~~~~~~~~^^^^^^^^^^^^^^
  File "/home/sep4013/.conda/envs/lilac2/lib/python3.13/site-packages/torch/utils/data/dataloader.py", line 733, in __next__
    data = self._next_data()
  File "/home/sep4013/.conda/envs/lilac2/lib/python3.13/site-packages/torch/utils/data/dataloader.py", line 789, in _next_data
    data = self._dataset_fetcher.fetch(index)  # may raise StopIteration
  File "/home/sep4013/.conda/envs/lilac2/lib/python3.13/site-packages/torch/utils/data/_utils/fetch.py", line 52, in fetch
    data = [self.dataset[idx] for idx in possibly_batched_index]
            ~~~~~~~~~~~~^^^^^
  File "/midtier/sablab/scratch/sep4013/LILAC/loader.py", line 334, in __getitem__
    image1 = tio.ScalarImage(fname1)
  File "/home/sep4013/.conda/envs/lilac2/lib/python3.13/site-packages/torchio/data/image.py", line 890, in __init__
    super().__init__(*args, **kwargs)
    ~~~~~~~~~~~~~~~~^^^^^^^^^^^^^^^^^
  File "/home/sep4013/.conda/envs/lilac2/lib/python3.13/site-packages/torchio/data/image.py", line 183, in __init__
    self.path = self._parse_path(path, verify=verify_path)
                ~~~~~~~~~~~~~~~~^^^^^^^^^^^^^^^^^^^^^^^^^^
  File "/home/sep4013/.conda/envs/lilac2/lib/python3.13/site-packages/torchio/data/image.py", line 507, in _parse_path
    return self._parse_single_path(path, verify=verify)  # type: ignore[arg-type]
           ~~~~~~~~~~~~~~~~~~~~~~~^^^^^^^^^^^^^^^^^^^^^
  File "/home/sep4013/.conda/envs/lilac2/lib/python3.13/site-packages/torchio/data/image.py", line 490, in _parse_single_path
    raise FileNotFoundError(f'File not found: "{path}"')
FileNotFoundError: File not found: "/midtier/sablab/scratch/data/Prostate_RadiologyTreatment/mask_pb_channel/00782/Fraction_1_Setup_Scan_20210503134403.nii.gz"
