/var/spool/slurm/slurmd/job721608/slurm_script: line 19: ./venv/bin/activate: No such file or directory
/home/sep4013/.conda/envs/lilac2/lib/python3.13/site-packages/torch/autograd/graph.py:824: UserWarning: Attempting to run cuBLAS, but there was no current CUDA context! Attempting to set the primary context... (Triggered internally at /pytorch/aten/src/ATen/cuda/CublasHandlePool.cpp:181.)
  return Variable._execution_engine.run_backward(  # Calls into the C++ engine to run the backward pass
 ----------------- Run Setup Summary -----------------
JOB NAME: lilac_rt_order_38
TASK: temporal_ordering
Target Attribute: timepoint
BACKBONE: resnet18_3D
RUN MODE: eval
Num of GPUs: 1
Num of Model Parameter: 33203776
 ----------------- Testing initiated -----------------
result exists: ./output/lilac_rt_order_38-temporal_ordering-backbone_resnet18_3D-lr0.001-seed0-batch8/prediction-testset.csv
LOSS: 0.382
warning: AUC calculated only for binary pairs
AUC: 0.967
warning: ACC calculated only for binary/positive pairs
ACC: 0.908
interval 1.0:                       acc=0.829                       , num=579
interval 2.0:                       acc=0.939                       , num=428
interval 3.0:                       acc=0.979                       , num=286
interval 4.0:                       acc=0.986                       , num=145
interval 5.0:                       acc=1.0                       , num=3
interval from one 1.0:                       acc=0.874                       , num=151
interval from one 2.0:                       acc=0.993                       , num=142
interval from one 3.0:                       acc=0.986                       , num=142
interval from one 4.0:                       acc=0.993                       , num=142
interval from one 5.0:                       acc=1.0                       , num=3
10
19
25
27
36
37
43
60
75
77
78
90
95
98
99
101
105
109
111
128
141
143
150
157
168
175
179
191
195
211
216
220
222
226
227
228
244
260
272
292
298
304
318
326
334
342
346
373
375
377
379
390
391
409
424
425
430
431
432
443
445
449
459
460
491
494
502
513
515
520
523
558
564
574
575
581
582
593
594
595
597
610
611
620
633
638
642
652
669
671
673
714
725
726
739
749
751
775
783
791
792
795
804
806
811
815
820
826
834
837
838
860
861
874
883
887
890
894
901
902
907
913
923
925
928
936
943
953
961
972
974
977
980
984
994
996
1010
1011
1021
1022
1023
1029
1044
1051
1053
1060
1066
1067
1069
1071
1075
1076
