/var/spool/slurm/slurmd/job780238/slurm_script: line 19: ./venv/bin/activate: No such file or directory
/home/sep4013/.conda/envs/lilac2/lib/python3.13/site-packages/torchio/data/image.py:253: UserWarning: Using TorchIO images without a torchio.SubjectsLoader in PyTorch >= 2.3 might have unexpected consequences, e.g., the collated batches will be instances of torchio.Subject with 5D images. Replace your PyTorch DataLoader with a torchio.SubjectsLoader so that the collated batch becomes a dictionary, as expected. See https://github.com/TorchIO-project/torchio/issues/1179 for more context about this issue.
  warnings.warn(message, stacklevel=1)
 ----------------- Run Setup Summary -----------------
JOB NAME: LOADER_PSAo_1
TASK: temporal_ordering
Target Attribute: timepoint
BACKBONE: resnet18_3D_psao
RUN MODE: train
Num of GPUs: 1
Num of Model Parameter: 33267776
 ----------------- Training initiated -----------------
lr_scheduler.StepLR is set:  [20.0, 0.5]
Traceback (most recent call last):
  File "/midtier/sablab/scratch/sep4013/LILAC/./run_PSAo.py", line 1244, in <module>
    train(model, args)
    ~~~~~^^^^^^^^^^^^^
  File "/midtier/sablab/scratch/sep4013/LILAC/./run_PSAo.py", line 185, in train
    loss = args.loss(predicted1, targetdiff_o) + args.loss(predicted2, targetdiff_psa)
                                                 ~~~~~~~~~^^^^^^^^^^^^^^^^^^^^^^^^^^^^
  File "/home/sep4013/.conda/envs/lilac2/lib/python3.13/site-packages/torch/nn/modules/module.py", line 1751, in _wrapped_call_impl
    return self._call_impl(*args, **kwargs)
           ~~~~~~~~~~~~~~~^^^^^^^^^^^^^^^^^
  File "/home/sep4013/.conda/envs/lilac2/lib/python3.13/site-packages/torch/nn/modules/module.py", line 1762, in _call_impl
    return forward_call(*args, **kwargs)
  File "/home/sep4013/.conda/envs/lilac2/lib/python3.13/site-packages/torch/nn/modules/loss.py", line 821, in forward
    return F.binary_cross_entropy_with_logits(
           ~~~~~~~~~~~~~~~~~~~~~~~~~~~~~~~~~~^
        input,
        ^^^^^^
    ...<3 lines>...
        reduction=self.reduction,
        ^^^^^^^^^^^^^^^^^^^^^^^^^
    )
    ^
  File "/home/sep4013/.conda/envs/lilac2/lib/python3.13/site-packages/torch/nn/functional.py", line 3643, in binary_cross_entropy_with_logits
    return torch.binary_cross_entropy_with_logits(
           ~~~~~~~~~~~~~~~~~~~~~~~~~~~~~~~~~~~~~~^
        input, target, weight, pos_weight, reduction_enum
        ^^^^^^^^^^^^^^^^^^^^^^^^^^^^^^^^^^^^^^^^^^^^^^^^^
    )
    ^
RuntimeError: Expected all tensors to be on the same device, but found at least two devices, cuda:0 and cpu!
