/var/spool/slurm/slurmd/job499050/slurm_script: line 20: ./venv/bin/activate: No such file or directory
/home/sep4013/.conda/envs/lilac/lib/python3.13/site-packages/torch/nn/init.py:511: UserWarning: Initializing zero-element tensors is a no-op
  warnings.warn("Initializing zero-element tensors is a no-op")
/home/sep4013/.conda/envs/lilac/lib/python3.13/site-packages/torchio/data/image.py:248: UserWarning: Using TorchIO images without a torchio.SubjectsLoader in PyTorch >= 2.3 might have unexpected consequences, e.g., the collated batches will be instances of torchio.Subject with 5D images. Replace your PyTorch DataLoader with a torchio.SubjectsLoader so that the collated batch becomes a dictionary, as expected. See https://github.com/TorchIO-project/torchio/issues/1179 for more context about this issue.
  warnings.warn(message, stacklevel=1)
 ----------------- Run Setup Summary -----------------
JOB NAME: lilac_rt_order_8
TASK: temporal_ordering
Target Attribute: timepoint
BACKBONE: cnn_3D
RUN MODE: train
Num of GPUs: 1
Num of Model Parameter: 19318704
 ----------------- Training initiated -----------------
Traceback (most recent call last):
  File "/midtier/sablab/scratch/sep4013/LILAC/./run.py", line 485, in <module>
    train(model, args)
    ~~~~~^^^^^^^^^^^^^
  File "/midtier/sablab/scratch/sep4013/LILAC/./run.py", line 98, in train
    predicted = network(input2.type(Tensor), input1.type(Tensor))
  File "/home/sep4013/.conda/envs/lilac/lib/python3.13/site-packages/torch/nn/modules/module.py", line 1751, in _wrapped_call_impl
    return self._call_impl(*args, **kwargs)
           ~~~~~~~~~~~~~~~^^^^^^^^^^^^^^^^^
  File "/home/sep4013/.conda/envs/lilac/lib/python3.13/site-packages/torch/nn/modules/module.py", line 1762, in _call_impl
    return forward_call(*args, **kwargs)
  File "/home/sep4013/.conda/envs/lilac/lib/python3.13/site-packages/torch/nn/parallel/data_parallel.py", line 192, in forward
    return self.module(*inputs[0], **module_kwargs[0])
           ~~~~~~~~~~~^^^^^^^^^^^^^^^^^^^^^^^^^^^^^^^^
  File "/home/sep4013/.conda/envs/lilac/lib/python3.13/site-packages/torch/nn/modules/module.py", line 1751, in _wrapped_call_impl
    return self._call_impl(*args, **kwargs)
           ~~~~~~~~~~~~~~~^^^^^^^^^^^^^^^^^
  File "/home/sep4013/.conda/envs/lilac/lib/python3.13/site-packages/torch/nn/modules/module.py", line 1762, in _call_impl
    return forward_call(*args, **kwargs)
  File "/midtier/sablab/scratch/sep4013/LILAC/model.py", line 192, in forward
    f = self.backbone(x1) - self.backbone(x2)
        ~~~~~~~~~~~~~^^^^
  File "/home/sep4013/.conda/envs/lilac/lib/python3.13/site-packages/torch/nn/modules/module.py", line 1751, in _wrapped_call_impl
    return self._call_impl(*args, **kwargs)
           ~~~~~~~~~~~~~~~^^^^^^^^^^^^^^^^^
  File "/home/sep4013/.conda/envs/lilac/lib/python3.13/site-packages/torch/nn/modules/module.py", line 1762, in _call_impl
    return forward_call(*args, **kwargs)
  File "/midtier/sablab/scratch/sep4013/LILAC/model.py", line 149, in forward
    x = self.encoder(x)
  File "/home/sep4013/.conda/envs/lilac/lib/python3.13/site-packages/torch/nn/modules/module.py", line 1751, in _wrapped_call_impl
    return self._call_impl(*args, **kwargs)
           ~~~~~~~~~~~~~~~^^^^^^^^^^^^^^^^^
  File "/home/sep4013/.conda/envs/lilac/lib/python3.13/site-packages/torch/nn/modules/module.py", line 1762, in _call_impl
    return forward_call(*args, **kwargs)
  File "/midtier/sablab/scratch/sep4013/LILAC/model.py", line 56, in forward
    x = cb(x)
  File "/home/sep4013/.conda/envs/lilac/lib/python3.13/site-packages/torch/nn/modules/module.py", line 1751, in _wrapped_call_impl
    return self._call_impl(*args, **kwargs)
           ~~~~~~~~~~~~~~~^^^^^^^^^^^^^^^^^
  File "/home/sep4013/.conda/envs/lilac/lib/python3.13/site-packages/torch/nn/modules/module.py", line 1762, in _call_impl
    return forward_call(*args, **kwargs)
  File "/midtier/sablab/scratch/sep4013/LILAC/model.py", line 35, in forward
    return self.conv(x)
           ~~~~~~~~~^^^
  File "/home/sep4013/.conda/envs/lilac/lib/python3.13/site-packages/torch/nn/modules/module.py", line 1751, in _wrapped_call_impl
    return self._call_impl(*args, **kwargs)
           ~~~~~~~~~~~~~~~^^^^^^^^^^^^^^^^^
  File "/home/sep4013/.conda/envs/lilac/lib/python3.13/site-packages/torch/nn/modules/module.py", line 1762, in _call_impl
    return forward_call(*args, **kwargs)
  File "/home/sep4013/.conda/envs/lilac/lib/python3.13/site-packages/torch/nn/modules/container.py", line 240, in forward
    input = module(input)
  File "/home/sep4013/.conda/envs/lilac/lib/python3.13/site-packages/torch/nn/modules/module.py", line 1751, in _wrapped_call_impl
    return self._call_impl(*args, **kwargs)
           ~~~~~~~~~~~~~~~^^^^^^^^^^^^^^^^^
  File "/home/sep4013/.conda/envs/lilac/lib/python3.13/site-packages/torch/nn/modules/module.py", line 1762, in _call_impl
    return forward_call(*args, **kwargs)
  File "/home/sep4013/.conda/envs/lilac/lib/python3.13/site-packages/torch/nn/modules/pooling.py", line 869, in forward
    return F.avg_pool3d(
           ~~~~~~~~~~~~^
        input,
        ^^^^^^
    ...<5 lines>...
        self.divisor_override,
        ^^^^^^^^^^^^^^^^^^^^^^
    )
    ^
RuntimeError: input image (T: 1 H: 1 W: 1) smaller than kernel size (kT: 2 kH: 2 kW: 2)
