/var/spool/slurm/slurmd/job785695/slurm_script: line 20: ./venv/bin/activate: No such file or directory
 ----------------- Run Setup Summary -----------------
JOB NAME: lilac_rt_order_56
TASK: temporal_ordering
Target Attribute: timepoint
BACKBONE: resnet18_3D
RUN MODE: eval
Num of GPUs: 1
Num of Model Parameter: 33267776
 ----------------- Testing initiated -----------------
RUN TEST
Traceback (most recent call last):
  File "/midtier/sablab/scratch/sep4013/LILAC/./run.py", line 1213, in <module>
    test(model, args)
    ~~~~^^^^^^^^^^^^^
  File "/midtier/sablab/scratch/sep4013/LILAC/./run.py", line 595, in test
    network = get_network(opt, network, savedmodelname)
  File "/midtier/sablab/scratch/sep4013/LILAC/./run.py", line 46, in get_network
    network.load_state_dict(torch.load(savedmodelname))
    ~~~~~~~~~~~~~~~~~~~~~~~^^^^^^^^^^^^^^^^^^^^^^^^^^^^
  File "/home/sep4013/.conda/envs/lilac2/lib/python3.13/site-packages/torch/nn/modules/module.py", line 2593, in load_state_dict
    raise RuntimeError(
    ...<3 lines>...
    )
RuntimeError: Error(s) in loading state_dict for DataParallel:
	Missing key(s) in state_dict: "module.backbone.linear2.weight". 
