/var/spool/slurm/slurmd/job732800/slurm_script: line 19: ./venv/bin/activate: No such file or directory
00814
00980
00534
00543
00009
00104
00090
00173
00074
00003
00179
00433
00869
00887
00913
00300
00294
00377
00399
01055
01022
00730
01028
00270
00393
00207
00141
00826
00851
00595
00498
00956
00921
00046
00775
00702
01010
01067
00345
00332
00248
00338
00708
00791
00605
00672
01083
00894
00977
00999
00420
00089
00067
00010
00117
00083
00870
00263
00214
00319
00653
00624
00659
00723
00754
00269
00313
00287
00364
00158
00568
00586
00465
00562
00515
00481
00835
00842
00152
00028
00782
00616
00226
00251
00356
00321
00766
00711
01074
00688
00666
00611
01079
00221
00326
00351
00761
01073
00052
00025
00128
00838
00462
00415
00581
00942
00845
00468
00486
00565
00058
00122
00155
00369
00387
00264
00759
00623
01036
01041
00753
00724
00629
00280
00219
00427
00450
00907
00183
00060
00189
00167
00994
00899
00520
00608
00691
00705
01060
00238
00342
00245
00348
00675
00796
01084
00146
00501
00576
00856
00598
00926
00406
00036
00370
00307
01025
01052
00737
01058
00630
00200
00299
00533
00969
00449
00813
00864
00174
00097
00103
00079
00109
00190
00539
00963
00880
00434
00443
00819
00309
00390
00204
00273
00739
00643
00744
00733
01021
00297
00430
00989
00447
00967
00910
00194
00077
00099
00170
00107
00093
00817
00860
00540
00537
01019
00671
00792
00606
00236
00346
01064
00701
00695
00776
00798
00032
00475
00858
00596
00402
00922
00852
00408
00825
00505
00491
00928
00038
00142
00367
01045
00627
00383
00217
00260
00553
00804
00990
00873
00163
00114
00019
00169
00187
00013
00064
00974
00897
00559
00454
01077
00668
00712
00686
00765
00258
00322
00355
00252
00225
00328
01093
00662
00126
00151
00482
00841
00931
00946
00488
00056
00021
00121
00831
00588
00846
00485
00511
00416
00582
00461
00941
00936
00051
01007
00762
00681
00715
00352
00228
00358
00222
00255
00768
00612
00665
00874
00459
00523
00979
00087
00113
00164
00063
00014
00119
00453
00809
00424
00890
00973
00283
00317
00727
00750
01035
00657
00620
01048
00289
00267
00210
00384
00042
00952
00508
00925
00405
00828
00575
00958
00502
00478
00145
01087
01069
00795
00676
00698
00231
00341
00336
01014
01063
00771
00692
00706
00917
00883
00960
00440
00437
00070
00007
00193
00094
00100
00199
00530
00984
00274
00203
00379
00633
00749
00639
00734
00743
01051
00209
00290
00304
00373
00603
00674
00779
00233
00244
00349
00239
00343
00334
00609
00704
00037
00927
00407
00593
00470
00577
00494
00500
00820
00599
00857
00147
00276
00201
00395
00298
01059
00646
01053
01024
00741
00292
00306
00371
00915
00962
00442
00818
00435
00108
00191
00096
00102
00175
00078
00532
00968
00545
00865
00448
00683
01005
00350
00327
00220
00257
00610
00784
00667
01078
01096
00059
00123
00833
00469
00844
00564
00487
00513
00580
00943
00934
00053
00129
00281
00315
00362
01040
00725
00752
00628
00368
00265
00212
00876
00995
00801
00521
00085
00111
00166
00182
00451
00426
00906
00892
00551
00526
00806
00992
00871
00161
00088
00185
00011
00066
00976
00895
00901
00456
00268
00365
00312
00286
00652
00728
00215
00318
00124
00029
00514
00563
00419
00834
00933
00944
00464
00413
00159
00054
00789
00710
00684
00767
01075
01002
00320
00357
00250
00227
00660
00783
00617
01008
00432
00868
00445
00196
00002
00075
00178
00172
00105
00815
00981
00438
00542
00535
00392
00271
01029
01023
00376
00301
00398
00594
00400
00920
00850
00507
00493
00570
00140
00673
00790
00604
01082
00339
00243
00234
00344
00249
00703
00774
00679
01066
01011
01088
00133
00959
00503
00574
00854
00479
00953
00509
00829
00473
00590
00043
01062
01015
00693
00707
00770
00340
00247
01086
01068
00677
00600
00794
00699
00531
00811
00866
00095
00101
00198
00006
00192
00961
00916
00208
00372
00291
00305
00638
00742
00735
01050
00632
00645
00748
00202
00396
00275
00378
00050
00027
00460
00583
00940
00847
00830
00484
00120
00157
01095
00769
00664
00613
00787
00254
00223
00324
00353
01071
01006
00680
00714
00763
00619
00425
00808
00528
00972
00891
00181
00062
00118
00165
00112
00996
00802
00875
00555
00522
00211
00385
00266
00621
00751
00726
01034
00361
00282
00316
00216
00651
01039
00756
01044
00311
00366
00558
00902
00975
00455
00878
00168
00186
00012
00115
00081
00162
00018
00525
00552
00908
00428
00805
00614
00663
00719
00224
00329
00259
00354
00323
01001
01076
00669
00764
00687
00020
00057
00489
00947
00467
00517
00837
00840
00150
00302
00296
00375
00745
00648
01020
00642
00308
00272
00391
00861
00816
00536
00541
00106
00092
00171
00076
00195
00001
00098
00446
00988
00431
00911
00966
00777
00700
00694
00347
00330
00237
00240
00607
00670
00039
00143
00134
00824
00853
00409
00929
00573
00504
00597
00859
00474
00954
00923
00033
00044
00149
