/var/spool/slurm/slurmd/job818018/slurm_script: line 19: ./venv/bin/activate: No such file or directory
/home/sep4013/.conda/envs/lilac2/lib/python3.13/site-packages/torchio/data/image.py:253: UserWarning: Using TorchIO images without a torchio.SubjectsLoader in PyTorch >= 2.3 might have unexpected consequences, e.g., the collated batches will be instances of torchio.Subject with 5D images. Replace your PyTorch DataLoader with a torchio.SubjectsLoader so that the collated batch becomes a dictionary, as expected. See https://github.com/TorchIO-project/torchio/issues/1179 for more context about this issue.
  warnings.warn(message, stacklevel=1)
 ----------------- Run Setup Summary -----------------
JOB NAME: lilac_rt_order_38
TASK: temporal_ordering
Target Attribute: timepoint
BACKBONE: resnet18_3D
RUN MODE: savefeature
Num of GPUs: 1
Num of Model Parameter: 33203776
 ----------------- savefeature initiated -----------------
#####  train
 [Batch 0/452
] feature_tensor1:  (8, 512, 5, 5, 5)
feature_tensor2:  (8, 512, 5, 5, 5)
feature_tensor_dif:  (8, 512, 5, 5, 5)
feature_tensor1_all:  (8, 512, 5, 5, 5)
feature_tensor2_all:  (8, 512, 5, 5, 5)
feature_tensordif_all:  (8, 512, 5, 5, 5)
 [Batch 1/452
] feature_tensor1:  (8, 512, 5, 5, 5)
feature_tensor2:  (8, 512, 5, 5, 5)
feature_tensor_dif:  (8, 512, 5, 5, 5)
Traceback (most recent call last):
  File "/midtier/sablab/scratch/sep4013/LILAC/./run.py", line 1336, in <module>
    savefeature(model, args)
    ~~~~~~~~~~~^^^^^^^^^^^^^
  File "/midtier/sablab/scratch/sep4013/LILAC/./run.py", line 797, in savefeature
    else: feature_tensor1_all.append(feature_tensor1)
          ^^^^^^^^^^^^^^^^^^^^^^^^^^
AttributeError: 'numpy.ndarray' object has no attribute 'append'
