/var/spool/slurm/slurmd/job818362/slurm_script: line 19: ./venv/bin/activate: No such file or directory
[0]
 ----------------- Run Setup Summary -----------------
JOB NAME: age_feature38_easy_1
TASK: regression
Target Attribute: timepoint
BACKBONE: simplemlp
RUN MODE: train
Num of GPUs: 1
Num of Model Parameter: 125
 ----------------- Training initiated -----------------
Traceback (most recent call last):
  File "/midtier/sablab/scratch/sep4013/LILAC/./run.py", line 1374, in <module>
    train(model, args)
    ~~~~~^^^^^^^^^^^^^
  File "/midtier/sablab/scratch/sep4013/LILAC/./run.py", line 137, in train
    loader_train = torch.utils.data.DataLoader(args.train_loader,
                                               batch_size=opt.batchsize, shuffle=True, num_workers=opt.num_workers,
                                               drop_last=True)
  File "/home/sep4013/.conda/envs/lilac2/lib/python3.13/site-packages/torch/utils/data/dataloader.py", line 385, in __init__
    sampler = RandomSampler(dataset, generator=generator)  # type: ignore[arg-type]
  File "/home/sep4013/.conda/envs/lilac2/lib/python3.13/site-packages/torch/utils/data/sampler.py", line 155, in __init__
    if not isinstance(self.num_samples, int) or self.num_samples <= 0:
                      ^^^^^^^^^^^^^^^^
  File "/home/sep4013/.conda/envs/lilac2/lib/python3.13/site-packages/torch/utils/data/sampler.py", line 164, in num_samples
    return len(self.data_source)
  File "/midtier/sablab/scratch/sep4013/LILAC/loader.py", line 389, in __len__
    return len(self.index_combination)
               ^^^^^^^^^^^^^^^^^^^^^^
AttributeError: 'loader3D' object has no attribute 'index_combination'
