/var/spool/slurm/slurmd/job779590/slurm_script: line 19: ./venv/bin/activate: No such file or directory
Traceback (most recent call last):
  File "/home/sep4013/.conda/envs/lilac2/lib/python3.13/site-packages/pandas/core/indexes/base.py", line 3812, in get_loc
    return self._engine.get_loc(casted_key)
           ~~~~~~~~~~~~~~~~~~~~^^^^^^^^^^^^
  File "pandas/_libs/index.pyx", line 167, in pandas._libs.index.IndexEngine.get_loc
  File "pandas/_libs/index.pyx", line 196, in pandas._libs.index.IndexEngine.get_loc
  File "pandas/_libs/hashtable_class_helper.pxi", line 7088, in pandas._libs.hashtable.PyObjectHashTable.get_item
  File "pandas/_libs/hashtable_class_helper.pxi", line 7096, in pandas._libs.hashtable.PyObjectHashTable.get_item
KeyError: 'timepoint'

The above exception was the direct cause of the following exception:

Traceback (most recent call last):
  File "/midtier/sablab/scratch/sep4013/LILAC/./run.py", line 1193, in <module>
    run_setup(args)
    ~~~~~~~~~^^^^^^
  File "/midtier/sablab/scratch/sep4013/LILAC/./run.py", line 816, in run_setup
    args.train_loader = loader3D(args, trainvaltest='train')
                        ~~~~~~~~^^^^^^^^^^^^^^^^^^^^^^^^^^^^
  File "/midtier/sablab/scratch/sep4013/LILAC/loader.py", line 140, in __init__
    nan_indices = np.concatenate([np.where(np.isnan(self.demo[k]))[0] for k in [args.targetname] + args.optional_meta])
                                                    ~~~~~~~~~^^^
  File "/home/sep4013/.conda/envs/lilac2/lib/python3.13/site-packages/pandas/core/frame.py", line 4107, in __getitem__
    indexer = self.columns.get_loc(key)
  File "/home/sep4013/.conda/envs/lilac2/lib/python3.13/site-packages/pandas/core/indexes/base.py", line 3819, in get_loc
    raise KeyError(key) from err
KeyError: 'timepoint'
